-- Install configuration: ""
-- Up-to-date: /home/danilo/walle_ws/install/walle_description/share/walle_description//urdf
-- Installing: /home/danilo/walle_ws/install/walle_description/share/walle_description//urdf/walle.urdf
-- Up-to-date: /home/danilo/walle_ws/install/walle_description/share/walle_description//launch
-- Up-to-date: /home/danilo/walle_ws/install/walle_description/share/walle_description//launch/display_walle.launch.py
-- Up-to-date: /home/danilo/walle_ws/install/walle_description/share/walle_description//scripts
-- Up-to-date: /home/danilo/walle_ws/install/walle_description/share/walle_description//scripts/joint_state_publisher.py
-- Up-to-date: /home/danilo/walle_ws/install/walle_description/lib/walle_description/joint_state_publisher.py
-- Up-to-date: /home/danilo/walle_ws/install/walle_description/share/ament_index/resource_index/package_run_dependencies/walle_description
-- Up-to-date: /home/danilo/walle_ws/install/walle_description/share/ament_index/resource_index/parent_prefix_path/walle_description
-- Up-to-date: /home/danilo/walle_ws/install/walle_description/share/walle_description/environment/ament_prefix_path.sh
-- Up-to-date: /home/danilo/walle_ws/install/walle_description/share/walle_description/environment/ament_prefix_path.dsv
-- Up-to-date: /home/danilo/walle_ws/install/walle_description/share/walle_description/environment/path.sh
-- Up-to-date: /home/danilo/walle_ws/install/walle_description/share/walle_description/environment/path.dsv
-- Up-to-date: /home/danilo/walle_ws/install/walle_description/share/walle_description/local_setup.bash
-- Up-to-date: /home/danilo/walle_ws/install/walle_description/share/walle_description/local_setup.sh
-- Up-to-date: /home/danilo/walle_ws/install/walle_description/share/walle_description/local_setup.zsh
-- Up-to-date: /home/danilo/walle_ws/install/walle_description/share/walle_description/local_setup.dsv
-- Installing: /home/danilo/walle_ws/install/walle_description/share/walle_description/package.dsv
-- Up-to-date: /home/danilo/walle_ws/install/walle_description/share/ament_index/resource_index/packages/walle_description
-- Up-to-date: /home/danilo/walle_ws/install/walle_description/share/walle_description/cmake/walle_descriptionConfig.cmake
-- Up-to-date: /home/danilo/walle_ws/install/walle_description/share/walle_description/cmake/walle_descriptionConfig-version.cmake
-- Up-to-date: /home/danilo/walle_ws/install/walle_description/share/walle_description/package.xml
