[0.011s] Invoking command in '/home/danilo/walle_ws/build/walle_description': CMAKE_PREFIX_PATH=${CMAKE_PREFIX_PATH}:/opt/ros/humble /usr/bin/cmake --build /home/danilo/walle_ws/build/walle_description -- -j8 -l8
[0.030s] -- Found ament_cmake: 1.3.11 (/opt/ros/humble/share/ament_cmake/cmake)
[0.128s] -- Found rclpy: 3.3.16 (/opt/ros/humble/share/rclpy/cmake)
[0.128s] -- Found std_msgs: 4.8.0 (/opt/ros/humble/share/std_msgs/cmake)
[0.152s] -- Found rosidl_generator_c: 3.1.6 (/opt/ros/humble/share/rosidl_generator_c/cmake)
[0.154s] -- Found rosidl_adapter: 3.1.6 (/opt/ros/humble/share/rosidl_adapter/cmake)
[0.159s] -- Found rosidl_generator_cpp: 3.1.6 (/opt/ros/humble/share/rosidl_generator_cpp/cmake)
[0.167s] -- Using all available rosidl_typesupport_c: rosidl_typesupport_fastrtps_c;rosidl_typesupport_introspection_c
[0.177s] -- Using all available rosidl_typesupport_cpp: rosidl_typesupport_fastrtps_cpp;rosidl_typesupport_introspection_cpp
[0.196s] -- Found geometry_msgs: 4.8.0 (/opt/ros/humble/share/geometry_msgs/cmake)
[0.208s] -- Found sensor_msgs: 4.8.0 (/opt/ros/humble/share/sensor_msgs/cmake)
[0.224s] -- Found ament_lint_auto: 0.12.12 (/opt/ros/humble/share/ament_lint_auto/cmake)
[0.277s] -- Added test 'flake8' to check Python code syntax and style conventions
[0.277s] -- Added test 'lint_cmake' to check CMake code style
[0.278s] -- Added test 'pep257' to check Python code against some of the docstring style conventions in PEP 257
[0.279s] -- Added test 'xmllint' to check XML markup files
[0.279s] -- Configuring done
[0.299s] -- Generating done
[0.301s] -- Build files have been written to: /home/danilo/walle_ws/build/walle_description
[0.318s] Invoked command in '/home/danilo/walle_ws/build/walle_description' returned '0': CMAKE_PREFIX_PATH=${CMAKE_PREFIX_PATH}:/opt/ros/humble /usr/bin/cmake --build /home/danilo/walle_ws/build/walle_description -- -j8 -l8
[0.326s] Invoking command in '/home/danilo/walle_ws/build/walle_description': CMAKE_PREFIX_PATH=${CMAKE_PREFIX_PATH}:/opt/ros/humble /usr/bin/cmake --install /home/danilo/walle_ws/build/walle_description
[0.332s] -- Install configuration: ""
[0.332s] -- Installing: /home/danilo/walle_ws/install/walle_description/share/walle_description//urdf
[0.332s] -- Installing: /home/danilo/walle_ws/install/walle_description/share/walle_description//urdf/walle.urdf
[0.332s] [31mCMake Error at cmake_install.cmake:46 (file):
[0.332s]   file INSTALL cannot find
[0.332s]   "/home/danilo/walle_ws/src/walle_description/launch": No such file or
[0.332s]   directory.
[0.332s] 
[0.333s] [0m
[0.333s] Invoked command in '/home/danilo/walle_ws/build/walle_description' returned '1': CMAKE_PREFIX_PATH=${CMAKE_PREFIX_PATH}:/opt/ros/humble /usr/bin/cmake --install /home/danilo/walle_ws/build/walle_description
