-- The C compiler identification is GNU 11.4.0
-- The CXX compiler identification is GNU 11.4.0
-- Detecting C compiler ABI info
-- Detecting C compiler ABI info - done
-- Check for working C compiler: /usr/bin/cc - skipped
-- Detecting C compile features
-- Detecting C compile features - done
-- Detecting CXX compiler ABI info
-- Detecting CXX compiler ABI info - done
-- Check for working CXX compiler: /usr/bin/c++ - skipped
-- Detecting CXX compile features
-- Detecting CXX compile features - done
-- Found ament_cmake: 1.3.11 (/opt/ros/humble/share/ament_cmake/cmake)
-- Found Python3: /usr/bin/python3 (found version "3.10.12") found components: Interpreter 
-- Found rclpy: 3.3.16 (/opt/ros/humble/share/rclpy/cmake)
-- Found std_msgs: 4.8.0 (/opt/ros/humble/share/std_msgs/cmake)
-- Found rosidl_generator_c: 3.1.6 (/opt/ros/humble/share/rosidl_generator_c/cmake)
-- Found rosidl_adapter: 3.1.6 (/opt/ros/humble/share/rosidl_adapter/cmake)
-- Found rosidl_generator_cpp: 3.1.6 (/opt/ros/humble/share/rosidl_generator_cpp/cmake)
-- Using all available rosidl_typesupport_c: rosidl_typesupport_fastrtps_c;rosidl_typesupport_introspection_c
-- Using all available rosidl_typesupport_cpp: rosidl_typesupport_fastrtps_cpp;rosidl_typesupport_introspection_cpp
-- Found geometry_msgs: 4.8.0 (/opt/ros/humble/share/geometry_msgs/cmake)
-- Found ament_lint_auto: 0.12.12 (/opt/ros/humble/share/ament_lint_auto/cmake)
-- Added test 'lint_cmake' to check CMake code style
-- Added test 'xmllint' to check XML markup files
-- Configuring done
-- Generating done
-- Build files have been written to: /home/danilo/walle_ws/build/walle_description
-- Install configuration: ""
-- Installing: /home/danilo/walle_ws/install/walle_description/share/ament_index/resource_index/package_run_dependencies/walle_description
-- Installing: /home/danilo/walle_ws/install/walle_description/share/ament_index/resource_index/parent_prefix_path/walle_description
-- Installing: /home/danilo/walle_ws/install/walle_description/share/walle_description/environment/ament_prefix_path.sh
-- Installing: /home/danilo/walle_ws/install/walle_description/share/walle_description/environment/ament_prefix_path.dsv
-- Installing: /home/danilo/walle_ws/install/walle_description/share/walle_description/environment/path.sh
-- Installing: /home/danilo/walle_ws/install/walle_description/share/walle_description/environment/path.dsv
-- Installing: /home/danilo/walle_ws/install/walle_description/share/walle_description/local_setup.bash
-- Installing: /home/danilo/walle_ws/install/walle_description/share/walle_description/local_setup.sh
-- Installing: /home/danilo/walle_ws/install/walle_description/share/walle_description/local_setup.zsh
-- Installing: /home/danilo/walle_ws/install/walle_description/share/walle_description/local_setup.dsv
-- Installing: /home/danilo/walle_ws/install/walle_description/share/walle_description/package.dsv
-- Installing: /home/danilo/walle_ws/install/walle_description/share/ament_index/resource_index/packages/walle_description
-- Installing: /home/danilo/walle_ws/install/walle_description/share/walle_description/cmake/walle_descriptionConfig.cmake
-- Installing: /home/danilo/walle_ws/install/walle_description/share/walle_description/cmake/walle_descriptionConfig-version.cmake
-- Installing: /home/danilo/walle_ws/install/walle_description/share/walle_description/package.xml
