[0.014s] Invoking command in '/home/danilo/walle_ws/build/walle_description': CMAKE_PREFIX_PATH=/opt/ros/humble /usr/bin/cmake /home/danilo/walle_ws/src/walle_description -DCMAKE_INSTALL_PREFIX=/home/danilo/walle_ws/install/walle_description
[0.110s] -- The C compiler identification is GNU 11.4.0
[0.185s] -- The CXX compiler identification is GNU 11.4.0
[0.193s] -- Detecting C compiler ABI info
[0.245s] -- Detecting C compiler ABI info - done
[0.251s] -- Check for working C compiler: /usr/bin/cc - skipped
[0.252s] -- Detecting C compile features
[0.252s] -- Detecting C compile features - done
[0.255s] -- Detecting CXX compiler ABI info
[0.311s] -- Detecting CXX compiler ABI info - done
[0.317s] -- Check for working CXX compiler: /usr/bin/c++ - skipped
[0.317s] -- Detecting CXX compile features
[0.318s] -- Detecting CXX compile features - done
[0.323s] -- Found ament_cmake: 1.3.11 (/opt/ros/humble/share/ament_cmake/cmake)
[0.435s] -- Found Python3: /usr/bin/python3 (found version "3.10.12") found components: Interpreter 
[0.534s] -- Found rclpy: 3.3.16 (/opt/ros/humble/share/rclpy/cmake)
[0.535s] -- Found std_msgs: 4.8.0 (/opt/ros/humble/share/std_msgs/cmake)
[0.572s] -- Found rosidl_generator_c: 3.1.6 (/opt/ros/humble/share/rosidl_generator_c/cmake)
[0.577s] -- Found rosidl_adapter: 3.1.6 (/opt/ros/humble/share/rosidl_adapter/cmake)
[0.585s] -- Found rosidl_generator_cpp: 3.1.6 (/opt/ros/humble/share/rosidl_generator_cpp/cmake)
[0.598s] -- Using all available rosidl_typesupport_c: rosidl_typesupport_fastrtps_c;rosidl_typesupport_introspection_c
[0.613s] -- Using all available rosidl_typesupport_cpp: rosidl_typesupport_fastrtps_cpp;rosidl_typesupport_introspection_cpp
[0.640s] -- Found geometry_msgs: 4.8.0 (/opt/ros/humble/share/geometry_msgs/cmake)
[0.654s] -- Found ament_lint_auto: 0.12.12 (/opt/ros/humble/share/ament_lint_auto/cmake)
[0.715s] -- Added test 'lint_cmake' to check CMake code style
[0.716s] -- Added test 'xmllint' to check XML markup files
[0.717s] -- Configuring done
[0.719s] -- Generating done
[0.721s] -- Build files have been written to: /home/danilo/walle_ws/build/walle_description
[0.726s] Invoked command in '/home/danilo/walle_ws/build/walle_description' returned '0': CMAKE_PREFIX_PATH=/opt/ros/humble /usr/bin/cmake /home/danilo/walle_ws/src/walle_description -DCMAKE_INSTALL_PREFIX=/home/danilo/walle_ws/install/walle_description
[0.727s] Invoking command in '/home/danilo/walle_ws/build/walle_description': CMAKE_PREFIX_PATH=/opt/ros/humble /usr/bin/cmake --build /home/danilo/walle_ws/build/walle_description -- -j8 -l8
[0.757s] Invoked command in '/home/danilo/walle_ws/build/walle_description' returned '0': CMAKE_PREFIX_PATH=/opt/ros/humble /usr/bin/cmake --build /home/danilo/walle_ws/build/walle_description -- -j8 -l8
[0.764s] Invoking command in '/home/danilo/walle_ws/build/walle_description': CMAKE_PREFIX_PATH=/opt/ros/humble /usr/bin/cmake --install /home/danilo/walle_ws/build/walle_description
[0.770s] -- Install configuration: ""
[0.770s] -- Installing: /home/danilo/walle_ws/install/walle_description/share/ament_index/resource_index/package_run_dependencies/walle_description
[0.770s] -- Installing: /home/danilo/walle_ws/install/walle_description/share/ament_index/resource_index/parent_prefix_path/walle_description
[0.770s] -- Installing: /home/danilo/walle_ws/install/walle_description/share/walle_description/environment/ament_prefix_path.sh
[0.770s] -- Installing: /home/danilo/walle_ws/install/walle_description/share/walle_description/environment/ament_prefix_path.dsv
[0.770s] -- Installing: /home/danilo/walle_ws/install/walle_description/share/walle_description/environment/path.sh
[0.770s] -- Installing: /home/danilo/walle_ws/install/walle_description/share/walle_description/environment/path.dsv
[0.770s] -- Installing: /home/danilo/walle_ws/install/walle_description/share/walle_description/local_setup.bash
[0.771s] -- Installing: /home/danilo/walle_ws/install/walle_description/share/walle_description/local_setup.sh
[0.771s] -- Installing: /home/danilo/walle_ws/install/walle_description/share/walle_description/local_setup.zsh
[0.771s] -- Installing: /home/danilo/walle_ws/install/walle_description/share/walle_description/local_setup.dsv
[0.771s] -- Installing: /home/danilo/walle_ws/install/walle_description/share/walle_description/package.dsv
[0.771s] -- Installing: /home/danilo/walle_ws/install/walle_description/share/ament_index/resource_index/packages/walle_description
[0.771s] -- Installing: /home/danilo/walle_ws/install/walle_description/share/walle_description/cmake/walle_descriptionConfig.cmake
[0.771s] -- Installing: /home/danilo/walle_ws/install/walle_description/share/walle_description/cmake/walle_descriptionConfig-version.cmake
[0.771s] -- Installing: /home/danilo/walle_ws/install/walle_description/share/walle_description/package.xml
[0.773s] Invoked command in '/home/danilo/walle_ws/build/walle_description' returned '0': CMAKE_PREFIX_PATH=/opt/ros/humble /usr/bin/cmake --install /home/danilo/walle_ws/build/walle_description
