[0.014s] Invoking command in '/home/danilo/walle_ws/build/walle_description': CMAKE_PREFIX_PATH=${CMAKE_PREFIX_PATH}:/opt/ros/humble /usr/bin/cmake --build /home/danilo/walle_ws/build/walle_description -- -j8 -l8
[0.091s] Invoked command in '/home/danilo/walle_ws/build/walle_description' returned '0': CMAKE_PREFIX_PATH=${CMAKE_PREFIX_PATH}:/opt/ros/humble /usr/bin/cmake --build /home/danilo/walle_ws/build/walle_description -- -j8 -l8
[0.103s] Invoking command in '/home/danilo/walle_ws/build/walle_description': CMAKE_PREFIX_PATH=${CMAKE_PREFIX_PATH}:/opt/ros/humble /usr/bin/cmake --install /home/danilo/walle_ws/build/walle_description
[0.112s] -- Install configuration: ""
[0.112s] -- Up-to-date: /home/danilo/walle_ws/install/walle_description/share/walle_description//urdf
[0.113s] -- Up-to-date: /home/danilo/walle_ws/install/walle_description/share/walle_description//urdf/walle.urdf
[0.113s] -- Up-to-date: /home/danilo/walle_ws/install/walle_description/share/walle_description//launch
[0.113s] -- Up-to-date: /home/danilo/walle_ws/install/walle_description/share/walle_description//launch/display_walle.launch.py
[0.113s] -- Up-to-date: /home/danilo/walle_ws/install/walle_description/share/walle_description//scripts
[0.113s] -- Up-to-date: /home/danilo/walle_ws/install/walle_description/share/walle_description//scripts/joint_state_publisher.py
[0.114s] -- Up-to-date: /home/danilo/walle_ws/install/walle_description/lib/walle_description/joint_state_publisher.py
[0.114s] -- Up-to-date: /home/danilo/walle_ws/install/walle_description/share/ament_index/resource_index/package_run_dependencies/walle_description
[0.114s] -- Up-to-date: /home/danilo/walle_ws/install/walle_description/share/ament_index/resource_index/parent_prefix_path/walle_description
[0.114s] -- Up-to-date: /home/danilo/walle_ws/install/walle_description/share/walle_description/environment/ament_prefix_path.sh
[0.114s] -- Up-to-date: /home/danilo/walle_ws/install/walle_description/share/walle_description/environment/ament_prefix_path.dsv
[0.114s] -- Up-to-date: /home/danilo/walle_ws/install/walle_description/share/walle_description/environment/path.sh
[0.114s] -- Up-to-date: /home/danilo/walle_ws/install/walle_description/share/walle_description/environment/path.dsv
[0.115s] -- Up-to-date: /home/danilo/walle_ws/install/walle_description/share/walle_description/local_setup.bash
[0.115s] -- Up-to-date: /home/danilo/walle_ws/install/walle_description/share/walle_description/local_setup.sh
[0.115s] -- Up-to-date: /home/danilo/walle_ws/install/walle_description/share/walle_description/local_setup.zsh
[0.115s] -- Up-to-date: /home/danilo/walle_ws/install/walle_description/share/walle_description/local_setup.dsv
[0.115s] -- Installing: /home/danilo/walle_ws/install/walle_description/share/walle_description/package.dsv
[0.115s] -- Up-to-date: /home/danilo/walle_ws/install/walle_description/share/ament_index/resource_index/packages/walle_description
[0.115s] -- Up-to-date: /home/danilo/walle_ws/install/walle_description/share/walle_description/cmake/walle_descriptionConfig.cmake
[0.115s] -- Up-to-date: /home/danilo/walle_ws/install/walle_description/share/walle_description/cmake/walle_descriptionConfig-version.cmake
[0.115s] -- Up-to-date: /home/danilo/walle_ws/install/walle_description/share/walle_description/package.xml
[0.117s] Invoked command in '/home/danilo/walle_ws/build/walle_description' returned '0': CMAKE_PREFIX_PATH=${CMAKE_PREFIX_PATH}:/opt/ros/humble /usr/bin/cmake --install /home/danilo/walle_ws/build/walle_description
